<?xml version="1.0" encoding="UTF-8"?>
<!-- Generated by org.testng.reporters.JUnitReportReporter -->
<testsuite hostname="WBLL1215E4103" name="com.OnMobile.AppTest" tests="1" failures="0" timestamp="21 Sep 2017 19:31:16 GMT" time="0.015" errors="0">
  <testcase name="testApp" time="0.015" classname="com.OnMobile.AppTest"/>
</testsuite> <!-- com.OnMobile.AppTest -->
