<?xml version="1.0" encoding="UTF-8"?>
<!-- Generated by org.testng.reporters.JUnitReportReporter -->
<testsuite skipped="0" hostname="WBLL1215E4103" name="com.OnMobile.AppTest" tests="1" failures="0" timestamp="22 Sep 2017 10:33:27 GMT" time="60.676" errors="0">
  <testcase name="start" time="60.676" classname="com.OnMobile.AppTest"/>
</testsuite> <!-- com.OnMobile.AppTest -->
