<?xml version="1.0" encoding="UTF-8"?>
<!-- Generated by org.testng.reporters.JUnitReportReporter -->
<testsuite skipped="0" hostname="WBLL1215E4103" name="com.OnMobile.AppTest" tests="1" failures="0" timestamp="23 Sep 2017 16:22:45 GMT" time="0.001" errors="0">
  <testcase name="launchApp" time="0.001" classname="com.OnMobile.AppTest"/>
</testsuite> <!-- com.OnMobile.AppTest -->
